<?xml version="1.0" encoding="UTF-8"?>
<!-- Generated by org.testng.reporters.JUnitReportReporter -->
<testsuite skipped="15" hostname="DESKTOP-3L8M6LS" name="com.kalkitech.doble.testcases.repository.SCLFileLoadingTest" tests="52" failures="0" timestamp="2021-09-09T17:11:09 IST" time="2362.657" errors="5">
  <testcase name="loadingWindowssdFileTest" time="57.010" classname="com.kalkitech.doble.testcases.repository.SCLFileLoadingTest"/>
  <system-out>
SCL Files tab is found in menu SCL Files tab is found in menu SCL Files tab is found in menu Settings is found in SCLFiles upload is found in settings Choose file button found in upload screen Submit button found in upload screen Select All IEDS check box is found in Select IEDs table Load button is found in Select IEDs Tab close button is found in Load IEDs status Tab IEDname, Access point and Edition are listed after successful loading of ssd file SL_049 : loadingWindowssdFileTest status : true  </system-out>
  <testcase name="cancelReplaceDuplicateFileUploadTest" time="46.774" classname="com.kalkitech.doble.testcases.repository.SCLFileLoadingTest"/>
  <system-out>
SCL Files tab is found in menu SCL Files tab is found in menu Settings is found in SCLFiles upload is found in settings Choose file button found in upload screen Submit button found in upload screen No button is found in File exists screen SL_34,35 : cancelReplaceDuplicateFileUploadTest status : true  </system-out>
  <testcase name="loadingWindowcidFileTest" time="57.100" classname="com.kalkitech.doble.testcases.repository.SCLFileLoadingTest"/>
  <system-out>
SCL Files tab is found in menu SCL Files tab is found in menu SCL Files tab is found in menu Settings is found in SCLFiles upload is found in settings Choose file button found in upload screen Submit button found in upload screen Select All IEDS check box is found in Select IEDs table Load button is found in Select IEDs Tab close button is found in Load IEDs status Tab IEDname, Access point and Edition are listed after successful loading of cid file SL_041 : loadingWindowcidFileTest status : true  </system-out>
  <testcase name="warningMsgOnSubmitWithoutUploadTest" time="10.874" classname="com.kalkitech.doble.testcases.repository.SCLFileLoadingTest">
    <skipped/>
  </testcase> <!-- warningMsgOnSubmitWithoutUploadTest -->
  <system-out/>
  <testcase name="cancelrenameFileInFilesystemTableTest" time="33.252" classname="com.kalkitech.doble.testcases.repository.SCLFileLoadingTest"/>
  <system-out>
SCL Files tab is found in menu SCL Files tab is found in menu SCL Files tab is found in menu SL_060 : cancelrenameFileInFilesystemTableTest status : true  </system-out>
  <testcase name="uploadPopUpAndElementsCheckTest" time="10.645" classname="com.kalkitech.doble.testcases.repository.SCLFileLoadingTest">
    <skipped/>
  </testcase> <!-- uploadPopUpAndElementsCheckTest -->
  <system-out/>
  <testcase name="replaceDuplicateFileUploadTest" time="109.806" classname="com.kalkitech.doble.testcases.repository.SCLFileLoadingTest">
    <error type="java.lang.NullPointerException">
      <![CDATA[java.lang.NullPointerException
at com.kalkitech.doble.classes.repository.SCLFileLoading.replaceDuplicateFileUpload(SCLFileLoading.java:1462)
at com.kalkitech.doble.testcases.repository.SCLFileLoadingTest.replaceDuplicateFileUploadTest(SCLFileLoadingTest.java:293)
at sun.reflect.NativeMethodAccessorImpl.invoke0(Native Method)
at sun.reflect.NativeMethodAccessorImpl.invoke(Unknown Source)
at sun.reflect.DelegatingMethodAccessorImpl.invoke(Unknown Source)
at java.lang.reflect.Method.invoke(Unknown Source)
at org.testng.internal.MethodInvocationHelper.invokeMethod(MethodInvocationHelper.java:132)
at org.testng.internal.TestInvoker.invokeMethod(TestInvoker.java:599)
at org.testng.internal.TestInvoker.invokeTestMethod(TestInvoker.java:174)
at org.testng.internal.MethodRunner.runInSequence(MethodRunner.java:46)
at org.testng.internal.TestInvoker$MethodInvocationAgent.invoke(TestInvoker.java:822)
at org.testng.internal.TestInvoker.invokeTestMethods(TestInvoker.java:147)
at org.testng.internal.TestMethodWorker.invokeTestMethods(TestMethodWorker.java:146)
at org.testng.internal.TestMethodWorker.run(TestMethodWorker.java:128)
at java.util.ArrayList.forEach(Unknown Source)
at org.testng.TestRunner.privateRun(TestRunner.java:764)
at org.testng.TestRunner.run(TestRunner.java:585)
at org.testng.SuiteRunner.runTest(SuiteRunner.java:384)
at org.testng.SuiteRunner.runSequentially(SuiteRunner.java:378)
at org.testng.SuiteRunner.privateRun(SuiteRunner.java:337)
at org.testng.SuiteRunner.run(SuiteRunner.java:286)
at org.testng.SuiteRunnerWorker.runSuite(SuiteRunnerWorker.java:53)
at org.testng.SuiteRunnerWorker.run(SuiteRunnerWorker.java:96)
at org.testng.TestNG.runSuitesSequentially(TestNG.java:1218)
at org.testng.TestNG.runSuitesLocally(TestNG.java:1140)
at org.testng.TestNG.runSuites(TestNG.java:1069)
at org.testng.TestNG.run(TestNG.java:1037)
at org.testng.remote.AbstractRemoteTestNG.run(AbstractRemoteTestNG.java:115)
at org.testng.remote.RemoteTestNG.initAndRun(RemoteTestNG.java:251)
at org.testng.remote.RemoteTestNG.main(RemoteTestNG.java:77)
]]>
    </error>
  </testcase> <!-- replaceDuplicateFileUploadTest -->
  <system-out>
SCL Files tab is found in menu SCL Files tab is found in menu Settings is found in SCLFiles upload is found in settings Choose file button found in upload screen Submit button found in upload screen Yes button is found in File exists screen exception occured : org.openqa.selenium.ElementNotVisibleException: element not interactable
  (Session info: chrome=93.0.4577.63)
  (Driver info: chromedriver=2.42.591088 (7b2b2dca23cca0862f674758c9a3933e685c27d5),platform=Windows NT 10.0.19042 x86_64) (WARNING: The server did not provide any stacktrace information)
Command duration or timeout: 0 milliseconds
Build info: version: '4.0.0-beta-1', revision: '9c03156c2b'
System info: host: 'DESKTOP-3L8M6LS', ip: '192.168.1.23', os.name: 'Windows 10', os.arch: 'amd64', os.version: '10.0', java.version: '1.8.0_241'
Driver info: org.openqa.selenium.chrome.ChromeDriver
Command: [4e46a8e830f5e9b80737438c55b7e05c, clickElement {id=0.17804028000401395-6}]
Capabilities {acceptInsecureCerts: false, acceptSslCerts: false, applicationCacheEnabled: false, browserConnectionEnabled: false, browserName: chrome, chrome: {chromedriverVersion: 2.42.591088 (7b2b2dca23cca0..., userDataDir: C:\Users\Sureena\AppData\Lo...}, cssSelectorsEnabled: true, databaseEnabled: false, goog:chromeOptions: {debuggerAddress: localhost:62543}, handlesAlerts: true, hasTouchScreen: false, javascriptEnabled: true, locationContextEnabled: true, mobileEmulationEnabled: false, nativeEvents: true, networkConnectionEnabled: false, pageLoadStrategy: normal, platform: XP, platformName: XP, rotatable: false, setWindowRect: true, takesHeapSnapshot: true, takesScreenshot: true, unexpectedAlertBehaviour: , unhandledPromptBehavior: , version: 93.0.4577.63, webStorageEnabled: true}
Element: [[ChromeDriver: chrome on XP (4e46a8e830f5e9b80737438c55b7e05c)] -> id: proccedOverwrite]
Session ID: 4e46a8e830f5e9b80737438c55b7e05c SCL Files tab is found in menu SCL Files tab is found in menu Settings is found in SCLFiles upload is found in settings Choose file button found in upload screen Submit button found in upload screen Yes button is found in File exists screen exception occured : org.openqa.selenium.ElementNotVisibleException: element not interactable
  (Session info: chrome=93.0.4577.63)
  (Driver info: chromedriver=2.42.591088 (7b2b2dca23cca0862f674758c9a3933e685c27d5),platform=Windows NT 10.0.19042 x86_64) (WARNING: The server did not provide any stacktrace information)
Command duration or timeout: 0 milliseconds
Build info: version: '4.0.0-beta-1', revision: '9c03156c2b'
System info: host: 'DESKTOP-3L8M6LS', ip: '192.168.1.23', os.name: 'Windows 10', os.arch: 'amd64', os.version: '10.0', java.version: '1.8.0_241'
Driver info: org.openqa.selenium.chrome.ChromeDriver
Command: [4e46a8e830f5e9b80737438c55b7e05c, clickElement {id=0.05703091754909595-6}]
Capabilities {acceptInsecureCerts: false, acceptSslCerts: false, applicationCacheEnabled: false, browserConnectionEnabled: false, browserName: chrome, chrome: {chromedriverVersion: 2.42.591088 (7b2b2dca23cca0..., userDataDir: C:\Users\Sureena\AppData\Lo...}, cssSelectorsEnabled: true, databaseEnabled: false, goog:chromeOptions: {debuggerAddress: localhost:62543}, handlesAlerts: true, hasTouchScreen: false, javascriptEnabled: true, locationContextEnabled: true, mobileEmulationEnabled: false, nativeEvents: true, networkConnectionEnabled: false, pageLoadStrategy: normal, platform: XP, platformName: XP, rotatable: false, setWindowRect: true, takesHeapSnapshot: true, takesScreenshot: true, unexpectedAlertBehaviour: , unhandledPromptBehavior: , version: 93.0.4577.63, webStorageEnabled: true}
Element: [[ChromeDriver: chrome on XP (4e46a8e830f5e9b80737438c55b7e05c)] -> id: proccedOverwrite]
Session ID: 4e46a8e830f5e9b80737438c55b7e05c  </system-out>
  <testcase name="deleteSelectedClickWithoutSelectingFileTest" time="25.240" classname="com.kalkitech.doble.testcases.repository.SCLFileLoadingTest"/>
  <system-out>
SCL Files tab is found in menu Settings is found in SCLFiles delete selected button is found in settings expected error message is displayed SL_06,07 : deleteSelectedClickWithoutSelectingFileTest status : true  </system-out>
  <testcase name="searchFunctionFileSystemTest" time="10.673" classname="com.kalkitech.doble.testcases.repository.SCLFileLoadingTest">
    <skipped/>
  </testcase> <!-- searchFunctionFileSystemTest -->
  <system-out/>
  <testcase name="removeFileUsingDeleteAllFileSystemTest" time="73.335" classname="com.kalkitech.doble.testcases.repository.SCLFileLoadingTest"/>
  <system-out>
SCL Files tab is found in menu SCL Files tab is found in menu SCL Files tab is found in menu Settings is found in SCLFiles upload is found in settings Choose file button found in upload screen Submit button found in upload screen Yes button is found in File exists screen exception occured : org.openqa.selenium.ElementNotVisibleException: element not interactable
  (Session info: chrome=93.0.4577.63)
  (Driver info: chromedriver=2.42.591088 (7b2b2dca23cca0862f674758c9a3933e685c27d5),platform=Windows NT 10.0.19042 x86_64) (WARNING: The server did not provide any stacktrace information)
Command duration or timeout: 0 milliseconds
Build info: version: '4.0.0-beta-1', revision: '9c03156c2b'
System info: host: 'DESKTOP-3L8M6LS', ip: '192.168.1.23', os.name: 'Windows 10', os.arch: 'amd64', os.version: '10.0', java.version: '1.8.0_241'
Driver info: org.openqa.selenium.chrome.ChromeDriver
Command: [61cbffaf29b1b12f83942cfa822f18e7, clickElement {id=0.5891148208024382-6}]
Capabilities {acceptInsecureCerts: false, acceptSslCerts: false, applicationCacheEnabled: false, browserConnectionEnabled: false, browserName: chrome, chrome: {chromedriverVersion: 2.42.591088 (7b2b2dca23cca0..., userDataDir: C:\Users\Sureena\AppData\Lo...}, cssSelectorsEnabled: true, databaseEnabled: false, goog:chromeOptions: {debuggerAddress: localhost:64463}, handlesAlerts: true, hasTouchScreen: false, javascriptEnabled: true, locationContextEnabled: true, mobileEmulationEnabled: false, nativeEvents: true, networkConnectionEnabled: false, pageLoadStrategy: normal, platform: XP, platformName: XP, rotatable: false, setWindowRect: true, takesHeapSnapshot: true, takesScreenshot: true, unexpectedAlertBehaviour: , unhandledPromptBehavior: , version: 93.0.4577.63, webStorageEnabled: true}
Element: [[ChromeDriver: chrome on XP (61cbffaf29b1b12f83942cfa822f18e7)] -> id: proccedOverwrite]
Session ID: 61cbffaf29b1b12f83942cfa822f18e7 SCL Files tab is found in menu SL_12 : removeFileUsingDeleteAllFileSystemTest status : false  </system-out>
  <testcase name="removeFileUsingDeleteBtnFileSystemTest" time="85.154" classname="com.kalkitech.doble.testcases.repository.SCLFileLoadingTest"/>
  <system-out>
SCL Files tab is found in menu SCL Files tab is found in menu SCL Files tab is found in menu Settings is found in SCLFiles upload is found in settings Choose file button found in upload screen Submit button found in upload screen Yes button is found in File exists screen exception occured : org.openqa.selenium.ElementNotVisibleException: element not interactable
  (Session info: chrome=93.0.4577.63)
  (Driver info: chromedriver=2.42.591088 (7b2b2dca23cca0862f674758c9a3933e685c27d5),platform=Windows NT 10.0.19042 x86_64) (WARNING: The server did not provide any stacktrace information)
Command duration or timeout: 0 milliseconds
Build info: version: '4.0.0-beta-1', revision: '9c03156c2b'
System info: host: 'DESKTOP-3L8M6LS', ip: '192.168.1.23', os.name: 'Windows 10', os.arch: 'amd64', os.version: '10.0', java.version: '1.8.0_241'
Driver info: org.openqa.selenium.chrome.ChromeDriver
Command: [c12241b930707858e879631523226087, clickElement {id=0.6148818903459063-6}]
Capabilities {acceptInsecureCerts: false, acceptSslCerts: false, applicationCacheEnabled: false, browserConnectionEnabled: false, browserName: chrome, chrome: {chromedriverVersion: 2.42.591088 (7b2b2dca23cca0..., userDataDir: C:\Users\Sureena\AppData\Lo...}, cssSelectorsEnabled: true, databaseEnabled: false, goog:chromeOptions: {debuggerAddress: localhost:53016}, handlesAlerts: true, hasTouchScreen: false, javascriptEnabled: true, locationContextEnabled: true, mobileEmulationEnabled: false, nativeEvents: true, networkConnectionEnabled: false, pageLoadStrategy: normal, platform: XP, platformName: XP, rotatable: false, setWindowRect: true, takesHeapSnapshot: true, takesScreenshot: true, unexpectedAlertBehaviour: , unhandledPromptBehavior: , version: 93.0.4577.63, webStorageEnabled: true}
Element: [[ChromeDriver: chrome on XP (c12241b930707858e879631523226087)] -> id: proccedOverwrite]
Session ID: c12241b930707858e879631523226087 SCL Files tab is found in menu SL_064 : removeFileUsingDeleteBtnFileSystemTest status : false  </system-out>
  <testcase name="columnCheckInfilesystemTableTest" time="25.973" classname="com.kalkitech.doble.testcases.repository.SCLFileLoadingTest"/>
  <system-out>
SCL Files tab is found in menu verified column names in filesystem table SL_32 : columnCheckInfilesystemTableTest status : true  </system-out>
  <testcase name="renamePopUpElementsCheckTest" time="75.367" classname="com.kalkitech.doble.testcases.repository.SCLFileLoadingTest">
    <error type="java.lang.NullPointerException">
      <![CDATA[java.lang.NullPointerException
at com.kalkitech.doble.classes.repository.SCLFileLoading.renamePopUpElementsCheck(SCLFileLoading.java:4588)
at com.kalkitech.doble.testcases.repository.SCLFileLoadingTest.renamePopUpElementsCheckTest(SCLFileLoadingTest.java:503)
at sun.reflect.NativeMethodAccessorImpl.invoke0(Native Method)
at sun.reflect.NativeMethodAccessorImpl.invoke(Unknown Source)
at sun.reflect.DelegatingMethodAccessorImpl.invoke(Unknown Source)
at java.lang.reflect.Method.invoke(Unknown Source)
at org.testng.internal.MethodInvocationHelper.invokeMethod(MethodInvocationHelper.java:132)
at org.testng.internal.TestInvoker.invokeMethod(TestInvoker.java:599)
at org.testng.internal.TestInvoker.invokeTestMethod(TestInvoker.java:174)
at org.testng.internal.MethodRunner.runInSequence(MethodRunner.java:46)
at org.testng.internal.TestInvoker$MethodInvocationAgent.invoke(TestInvoker.java:822)
at org.testng.internal.TestInvoker.invokeTestMethods(TestInvoker.java:147)
at org.testng.internal.TestMethodWorker.invokeTestMethods(TestMethodWorker.java:146)
at org.testng.internal.TestMethodWorker.run(TestMethodWorker.java:128)
at java.util.ArrayList.forEach(Unknown Source)
at org.testng.TestRunner.privateRun(TestRunner.java:764)
at org.testng.TestRunner.run(TestRunner.java:585)
at org.testng.SuiteRunner.runTest(SuiteRunner.java:384)
at org.testng.SuiteRunner.runSequentially(SuiteRunner.java:378)
at org.testng.SuiteRunner.privateRun(SuiteRunner.java:337)
at org.testng.SuiteRunner.run(SuiteRunner.java:286)
at org.testng.SuiteRunnerWorker.runSuite(SuiteRunnerWorker.java:53)
at org.testng.SuiteRunnerWorker.run(SuiteRunnerWorker.java:96)
at org.testng.TestNG.runSuitesSequentially(TestNG.java:1218)
at org.testng.TestNG.runSuitesLocally(TestNG.java:1140)
at org.testng.TestNG.runSuites(TestNG.java:1069)
at org.testng.TestNG.run(TestNG.java:1037)
at org.testng.remote.AbstractRemoteTestNG.run(AbstractRemoteTestNG.java:115)
at org.testng.remote.RemoteTestNG.initAndRun(RemoteTestNG.java:251)
at org.testng.remote.RemoteTestNG.main(RemoteTestNG.java:77)
]]>
    </error>
  </testcase> <!-- renamePopUpElementsCheckTest -->
  <system-out>
SCL Files tab is found in menu SCL Files tab is found in menu SCL Files tab is found in menu Settings is found in SCLFiles upload is found in settings Choose file button found in upload screen Submit button found in upload screen Yes button is found in File exists screen exception occured : org.openqa.selenium.ElementNotVisibleException: element not interactable
  (Session info: chrome=93.0.4577.63)
  (Driver info: chromedriver=2.42.591088 (7b2b2dca23cca0862f674758c9a3933e685c27d5),platform=Windows NT 10.0.19042 x86_64) (WARNING: The server did not provide any stacktrace information)
Command duration or timeout: 0 milliseconds
Build info: version: '4.0.0-beta-1', revision: '9c03156c2b'
System info: host: 'DESKTOP-3L8M6LS', ip: '192.168.1.23', os.name: 'Windows 10', os.arch: 'amd64', os.version: '10.0', java.version: '1.8.0_241'
Driver info: org.openqa.selenium.chrome.ChromeDriver
Command: [ed8f49fea9688c47a04064c527f75ad7, clickElement {id=0.5435844446991791-6}]
Capabilities {acceptInsecureCerts: false, acceptSslCerts: false, applicationCacheEnabled: false, browserConnectionEnabled: false, browserName: chrome, chrome: {chromedriverVersion: 2.42.591088 (7b2b2dca23cca0..., userDataDir: C:\Users\Sureena\AppData\Lo...}, cssSelectorsEnabled: true, databaseEnabled: false, goog:chromeOptions: {debuggerAddress: localhost:61384}, handlesAlerts: true, hasTouchScreen: false, javascriptEnabled: true, locationContextEnabled: true, mobileEmulationEnabled: false, nativeEvents: true, networkConnectionEnabled: false, pageLoadStrategy: normal, platform: XP, platformName: XP, rotatable: false, setWindowRect: true, takesHeapSnapshot: true, takesScreenshot: true, unexpectedAlertBehaviour: , unhandledPromptBehavior: , version: 93.0.4577.63, webStorageEnabled: true}
Element: [[ChromeDriver: chrome on XP (ed8f49fea9688c47a04064c527f75ad7)] -> id: proccedOverwrite]
Session ID: ed8f49fea9688c47a04064c527f75ad7  </system-out>
  <testcase name="loadsedFileInFileSystemTest" time="73.345" classname="com.kalkitech.doble.testcases.repository.SCLFileLoadingTest"/>
  <system-out>
SCL Files tab is found in menu SCL Files tab is found in menu sed file loaded in file system tab successfully SL_046 : loadsedFileInFileSystemTest status : true  </system-out>
  <testcase name="siscoErrorfileloadTest" time="11.706" classname="com.kalkitech.doble.testcases.repository.SCLFileLoadingTest">
    <skipped/>
  </testcase> <!-- siscoErrorfileloadTest -->
  <system-out/>
  <testcase name="deleteAllFileInFilesystemTableTest" time="42.908" classname="com.kalkitech.doble.testcases.repository.SCLFileLoadingTest"/>
  <system-out>
SCL Files tab is found in menu Select All files check box is found in SCL files table Settings is found in SCLFiles delete selected button is found in settings verified deleting all files from file system table using delete all button SL_12 : deleteAllFileInFilesystemTableTest status : true  </system-out>
  <testcase name="extensionAvailableCheckTest" time="25.301" classname="com.kalkitech.doble.testcases.repository.SCLFileLoadingTest"/>
  <system-out>
SCL Files tab is found in menu Settings is found in SCLFiles upload is found in settings check box for cid found in upload screen check box for icd found in upload screen check box for iid found in upload screen check box for scd found in upload screen check box for sed found in upload screen check box for ssd found in upload screen extensions are available in upload screen SL_27 : extensionAvailableCheckTest status : true  </system-out>
  <testcase name="UIElementsCheckTest" time="18.464" classname="com.kalkitech.doble.testcases.repository.SCLFileLoadingTest"/>
  <system-out>
SCL Files tab is found in menu Settings is found in SCLFiles search in SCLFiles All elements are available SL_01 : UIElementsCheckTest status : true  </system-out>
  <testcase name="settingsElementsCheckTest" time="10.997" classname="com.kalkitech.doble.testcases.repository.SCLFileLoadingTest">
    <skipped/>
  </testcase> <!-- settingsElementsCheckTest -->
  <system-out/>
  <testcase name="loadingWindowscdFileTest" time="57.229" classname="com.kalkitech.doble.testcases.repository.SCLFileLoadingTest"/>
  <system-out>
SCL Files tab is found in menu SCL Files tab is found in menu SCL Files tab is found in menu Settings is found in SCLFiles upload is found in settings Choose file button found in upload screen Submit button found in upload screen Select All IEDS check box is found in Select IEDs table Load button is found in Select IEDs Tab close button is found in Load IEDs status Tab IEDname, Access point and Edition are listed after successful loading of scd file SL_045 : loadingWindowscdFileTest status : true  </system-out>
  <testcase name="loadingWindowiidFileTest" time="28.521" classname="com.kalkitech.doble.testcases.repository.SCLFileLoadingTest"/>
  <system-out>
SCL Files tab is found in menu SCL Files tab is found in menu IEDname, Access point and Edition are listed after successful loading of iid file SL_043 : loadingWindowiidFileTest status : true  </system-out>
  <testcase name="loadingWindowicdFileTest" time="30.472" classname="com.kalkitech.doble.testcases.repository.SCLFileLoadingTest"/>
  <system-out>
SCL Files tab is found in menu SCL Files tab is found in menu IEDname, Access point and Edition are listed after successful loading of icd file SL_039 : loadingWindowicdFileTest status : true  </system-out>
  <testcase name="sclFileloadWithOnlyGSEMessagesTest" time="10.735" classname="com.kalkitech.doble.testcases.repository.SCLFileLoadingTest">
    <skipped/>
  </testcase> <!-- sclFileloadWithOnlyGSEMessagesTest -->
  <system-out/>
  <testcase name="fileLoadWithZeroMessagesTest" time="257.778" classname="com.kalkitech.doble.testcases.repository.SCLFileLoadingTest"/>
  <system-out>
GOOSE Messages Tab in Station Message is found in menu settings menu In GSE messages is found clearData button is found in menu SCL Files tab is found in menu SCL Files tab is found in menu SCL Files tab is found in menu SCL Files tab is found in menu Settings is found in SCLFiles upload is found in settings Choose file button found in upload screen Submit button found in upload screen Select All IEDS check box is found in Select IEDs table Load button is found in Select IEDs Tab close button is found in Load IEDs status Tab SCL Files tab is found in menu File loaded with IED Name,Access point and Edition GOOSE Messages Tab in Station Message is found in menu 0 messages are loaded as expected SL_066,67	 : fileLoadWithZeroMessagesTest status : true  </system-out>
  <testcase name="sclFileloadWithOnlySVMessagesTest" time="10.820" classname="com.kalkitech.doble.testcases.repository.SCLFileLoadingTest">
    <skipped/>
  </testcase> <!-- sclFileloadWithOnlySVMessagesTest -->
  <system-out/>
  <testcase name="XBtnInIEDLoadSuccessPageCheckTest" time="46.584" classname="com.kalkitech.doble.testcases.repository.SCLFileLoadingTest"/>
  <system-out>
SCL Files tab is found in menu Settings is found in SCLFiles upload is found in settings Choose file button found in upload screen Submit button found in upload screen Yes button is found in File exists screen Select All IEDS check box is found in Select IEDs table Load button is found in Select IEDs Tab X button is displayed properly IED Load popup closed sucessfully on click of close button SCL Files tab is found in menu SCL Files tab is found in menu SL_16 : XBtnInIEDLoadSuccessPageCheckTest status : true  </system-out>
  <testcase name="IEDLoadSuccessMsgCheckTest" time="41.795" classname="com.kalkitech.doble.testcases.repository.SCLFileLoadingTest"/>
  <system-out>
SCL Files tab is found in menu Settings is found in SCLFiles upload is found in settings Choose file button found in upload screen Submit button found in upload screen Yes button is found in File exists screen Select All IEDS check box is found in Select IEDs table Load button is found in Select IEDs Tab IED Load success message is displayed properly close button is found in Load IEDs status Tab SL_14 : IEDLoadSuccessMsgCheckTest status : true  </system-out>
  <testcase name="loadcidFileInFileSystemTest" time="69.912" classname="com.kalkitech.doble.testcases.repository.SCLFileLoadingTest"/>
  <system-out>
SCL Files tab is found in menu SCL Files tab is found in menu SCL Files tab is found in menu Settings is found in SCLFiles upload is found in settings Choose file button found in upload screen Submit button found in upload screen Select All IEDS check box is found in Select IEDs table Load button is found in Select IEDs Tab close button is found in Load IEDs status Tab cid file loaded in file system tab successfully SL_040 : loadcidFileInFileSystemTest status : true  </system-out>
  <testcase name="loadicdFileInFileSystemTest" time="75.402" classname="com.kalkitech.doble.testcases.repository.SCLFileLoadingTest"/>
  <system-out>
SCL Files tab is found in menu Select All files check box is found in SCL files table Settings is found in SCLFiles delete selected button is found in settings verified deleting all files from file system table using delete all button SCL Files tab is found in menu Settings is found in SCLFiles upload is found in settings Choose file button found in upload screen Submit button found in upload screen Select All IEDS check box is found in Select IEDs table Load button is found in Select IEDs Tab close button is found in Load IEDs status Tab SCL Files tab is found in menu SL_28 : loadicdFileInFileSystemTest status : true  </system-out>
  <testcase name="multipleIEDloadTest" time="123.831" classname="com.kalkitech.doble.testcases.repository.SCLFileLoadingTest"/>
  <system-out>
GOOSE Messages Tab in Station Message is found in menu settings menu In GSE messages is found clearData button is found in menu SCL Files tab is found in menu SCL Files tab is found in menu SCL Files tab is found in menu Select All files check box is found in SCL files table Settings is found in SCLFiles delete selected button is found in settings verified deleting all files from file system table using delete all button SCL Files tab is found in menu Settings is found in SCLFiles upload is found in settings Choose file button found in upload screen Submit button found in upload screen exception occured : org.openqa.selenium.NoSuchElementException: no such element: Unable to locate element: {"method":"xpath","selector":"//*[@id="iedTable"]/tbody/tr[1]/td[4]"}
  (Session info: chrome=93.0.4577.63)
  (Driver info: chromedriver=2.42.591088 (7b2b2dca23cca0862f674758c9a3933e685c27d5),platform=Windows NT 10.0.19042 x86_64) (WARNING: The server did not provide any stacktrace information)
Command duration or timeout: 0 milliseconds
For documentation on this error, please visit: https://selenium.dev/exceptions/#no_such_element
Build info: version: '4.0.0-beta-1', revision: '9c03156c2b'
System info: host: 'DESKTOP-3L8M6LS', ip: '192.168.1.23', os.name: 'Windows 10', os.arch: 'amd64', os.version: '10.0', java.version: '1.8.0_241'
Driver info: org.openqa.selenium.chrome.ChromeDriver
Command: [ff691487daf7e39cb732221391bd9211, findElement {using=xpath, value=//*[@id="iedTable"]/tbody/tr[1]/td[4]}]
Capabilities {acceptInsecureCerts: false, acceptSslCerts: false, applicationCacheEnabled: false, browserConnectionEnabled: false, browserName: chrome, chrome: {chromedriverVersion: 2.42.591088 (7b2b2dca23cca0..., userDataDir: C:\Users\Sureena\AppData\Lo...}, cssSelectorsEnabled: true, databaseEnabled: false, goog:chromeOptions: {debuggerAddress: localhost:60655}, handlesAlerts: true, hasTouchScreen: false, javascriptEnabled: true, locationContextEnabled: true, mobileEmulationEnabled: false, nativeEvents: true, networkConnectionEnabled: false, pageLoadStrategy: normal, platform: XP, platformName: XP, rotatable: false, setWindowRect: true, takesHeapSnapshot: true, takesScreenshot: true, unexpectedAlertBehaviour: , unhandledPromptBehavior: , version: 93.0.4577.63, webStorageEnabled: true}
Session ID: ff691487daf7e39cb732221391bd9211 GOOSE Messages Tab in Station Message is found in menu SL_054,55 : multipleIEDloadTest status : true  </system-out>
  <testcase name="loadssdFileInFileSystemTest" time="75.321" classname="com.kalkitech.doble.testcases.repository.SCLFileLoadingTest"/>
  <system-out>
SCL Files tab is found in menu SCL Files tab is found in menu ssd file loaded in file system tab successfully SL_048 : loadssdFileInFileSystemTest status : true  </system-out>
  <testcase name="singleIEDloadTest" time="10.775" classname="com.kalkitech.doble.testcases.repository.SCLFileLoadingTest">
    <skipped/>
  </testcase> <!-- singleIEDloadTest -->
  <system-out/>
  <testcase name="canceldeleteFileInFileSystemTableTest" time="31.905" classname="com.kalkitech.doble.testcases.repository.SCLFileLoadingTest"/>
  <system-out>
SCL Files tab is found in menu SCL Files tab is found in menu SCL Files tab is found in menu SL_09 : canceldeleteFileInFileSystemTableTest status : true  </system-out>
  <testcase name="searchFunctionFileSystemWithRandomcharacterSearchTest" time="10.658" classname="com.kalkitech.doble.testcases.repository.SCLFileLoadingTest">
    <skipped/>
  </testcase> <!-- searchFunctionFileSystemWithRandomcharacterSearchTest -->
  <system-out/>
  <testcase name="IEDLoadPageElementsCheckTest" time="35.246" classname="com.kalkitech.doble.testcases.repository.SCLFileLoadingTest"/>
  <system-out>
SCL Files tab is found in menu Settings is found in SCLFiles upload is found in settings Choose file button found in upload screen Submit button found in upload screen Select IEDs pop up is displayed properly Load button is found in Select IEDs Tab Load btn is displayed in IEDs pop up Close btn is displayed in IEDs pop up columns in IED load table are displayed as expected Select All IEDS check box is found in Select IEDs table Load button is found in Select IEDs Tab IED Load success message is displayed properly SL_17,18,19 : IEDLoadPageElementsCheckTest status : true  </system-out>
  <testcase name="selectAllClickInSelectIEDsPopUpTest" time="10.130" classname="com.kalkitech.doble.testcases.repository.SCLFileLoadingTest">
    <skipped/>
  </testcase> <!-- selectAllClickInSelectIEDsPopUpTest -->
  <system-out/>
  <testcase name="sclFileLoadTest" time="0.000" classname="com.kalkitech.doble.testcases.repository.SCLFileLoadingTest">
    <skipped/>
  </testcase> <!-- sclFileLoadTest -->
  <system-out/>
  <testcase name="loadingWindowsedFileTest" time="46.537" classname="com.kalkitech.doble.testcases.repository.SCLFileLoadingTest"/>
  <system-out>
SCL Files tab is found in menu SCL Files tab is found in menu SCL Files tab is found in menu Settings is found in SCLFiles upload is found in settings Choose file button found in upload screen Submit button found in upload screen Select All IEDS check box is found in Select IEDs table Load button is found in Select IEDs Tab close button is found in Load IEDs status Tab IEDname, Access point and Edition are listed after successful loading of sed file SL_047 : loadingWindowsedFileTest status : true  </system-out>
  <testcase name="tearDown" time="200.074" classname="com.kalkitech.doble.testcases.repository.SCLFileLoadingTest">
    <error type="org.openqa.selenium.WebDriverException" message="Timed out waiting for driver server to stop.
Build info: version: &#039;4.0.0-beta-1&#039;, revision: &#039;9c03156c2b&#039;
System info: host: &#039;DESKTOP-3L8M6LS&#039;, ip: &#039;192.168.1.23&#039;, os.name: &#039;Windows 10&#039;, os.arch: &#039;amd64&#039;, os.version: &#039;10.0&#039;, java.version: &#039;1.8.0_241&#039;
Driver info: org.openqa.selenium.chrome.ChromeDriver
Command: [4e46a8e830f5e9b80737438c55b7e05c, quit {}]
Capabilities {acceptInsecureCerts: false, acceptSslCerts: false, applicationCacheEnabled: false, browserConnectionEnabled: false, browserName: chrome, chrome: {chromedriverVersion: 2.42.591088 (7b2b2dca23cca0..., userDataDir: C:\Users\Sureena\AppData\Lo...}, cssSelectorsEnabled: true, databaseEnabled: false, goog:chromeOptions: {debuggerAddress: localhost:62543}, handlesAlerts: true, hasTouchScreen: false, javascriptEnabled: true, locationContextEnabled: true, mobileEmulationEnabled: false, nativeEvents: true, networkConnectionEnabled: false, pageLoadStrategy: normal, platform: XP, platformName: XP, rotatable: false, setWindowRect: true, takesHeapSnapshot: true, takesScreenshot: true, unexpectedAlertBehaviour: , unhandledPromptBehavior: , version: 93.0.4577.63, webStorageEnabled: true}
Session ID: 4e46a8e830f5e9b80737438c55b7e05c">
      <![CDATA[org.openqa.selenium.WebDriverException: Timed out waiting for driver server to stop.
Build info: version: '4.0.0-beta-1', revision: '9c03156c2b'
System info: host: 'DESKTOP-3L8M6LS', ip: '192.168.1.23', os.name: 'Windows 10', os.arch: 'amd64', os.version: '10.0', java.version: '1.8.0_241'
Driver info: org.openqa.selenium.chrome.ChromeDriver
Command: [4e46a8e830f5e9b80737438c55b7e05c, quit {}]
Capabilities {acceptInsecureCerts: false, acceptSslCerts: false, applicationCacheEnabled: false, browserConnectionEnabled: false, browserName: chrome, chrome: {chromedriverVersion: 2.42.591088 (7b2b2dca23cca0..., userDataDir: C:\Users\Sureena\AppData\Lo...}, cssSelectorsEnabled: true, databaseEnabled: false, goog:chromeOptions: {debuggerAddress: localhost:62543}, handlesAlerts: true, hasTouchScreen: false, javascriptEnabled: true, locationContextEnabled: true, mobileEmulationEnabled: false, nativeEvents: true, networkConnectionEnabled: false, pageLoadStrategy: normal, platform: XP, platformName: XP, rotatable: false, setWindowRect: true, takesHeapSnapshot: true, takesScreenshot: true, unexpectedAlertBehaviour: , unhandledPromptBehavior: , version: 93.0.4577.63, webStorageEnabled: true}
Session ID: 4e46a8e830f5e9b80737438c55b7e05c
at org.openqa.selenium.remote.service.DriverCommandExecutor.execute(DriverCommandExecutor.java:120)
at org.openqa.selenium.remote.RemoteWebDriver.execute(RemoteWebDriver.java:620)
at org.openqa.selenium.remote.RemoteWebDriver.execute(RemoteWebDriver.java:671)
at org.openqa.selenium.remote.RemoteWebDriver.execute(RemoteWebDriver.java:675)
at org.openqa.selenium.remote.RemoteWebDriver.quit(RemoteWebDriver.java:517)
at org.openqa.selenium.chromium.ChromiumDriver.quit(ChromiumDriver.java:232)
at com.kalkitech.doble.testcases.repository.SCLFileLoadingTest.tearDown(SCLFileLoadingTest.java:641)
at sun.reflect.GeneratedMethodAccessor3.invoke(Unknown Source)
at sun.reflect.DelegatingMethodAccessorImpl.invoke(Unknown Source)
at java.lang.reflect.Method.invoke(Unknown Source)
at org.testng.internal.MethodInvocationHelper.invokeMethod(MethodInvocationHelper.java:132)
at org.testng.internal.MethodInvocationHelper.invokeMethodConsideringTimeout(MethodInvocationHelper.java:61)
at org.testng.internal.ConfigInvoker.invokeConfigurationMethod(ConfigInvoker.java:366)
at org.testng.internal.ConfigInvoker.invokeConfigurations(ConfigInvoker.java:320)
at org.testng.internal.TestInvoker.runConfigMethods(TestInvoker.java:701)
at org.testng.internal.TestInvoker.runAfterGroupsConfigurations(TestInvoker.java:677)
at org.testng.internal.TestInvoker.invokeMethod(TestInvoker.java:661)
at org.testng.internal.TestInvoker.invokeTestMethod(TestInvoker.java:174)
at org.testng.internal.MethodRunner.runInSequence(MethodRunner.java:46)
at org.testng.internal.TestInvoker$MethodInvocationAgent.invoke(TestInvoker.java:822)
at org.testng.internal.TestInvoker.invokeTestMethods(TestInvoker.java:147)
at org.testng.internal.TestMethodWorker.invokeTestMethods(TestMethodWorker.java:146)
at org.testng.internal.TestMethodWorker.run(TestMethodWorker.java:128)
at java.util.ArrayList.forEach(Unknown Source)
at org.testng.TestRunner.privateRun(TestRunner.java:764)
at org.testng.TestRunner.run(TestRunner.java:585)
at org.testng.SuiteRunner.runTest(SuiteRunner.java:384)
at org.testng.SuiteRunner.runSequentially(SuiteRunner.java:378)
at org.testng.SuiteRunner.privateRun(SuiteRunner.java:337)
at org.testng.SuiteRunner.run(SuiteRunner.java:286)
at org.testng.SuiteRunnerWorker.runSuite(SuiteRunnerWorker.java:53)
at org.testng.SuiteRunnerWorker.run(SuiteRunnerWorker.java:96)
at org.testng.TestNG.runSuitesSequentially(TestNG.java:1218)
at org.testng.TestNG.runSuitesLocally(TestNG.java:1140)
at org.testng.TestNG.runSuites(TestNG.java:1069)
at org.testng.TestNG.run(TestNG.java:1037)
at org.testng.remote.AbstractRemoteTestNG.run(AbstractRemoteTestNG.java:115)
at org.testng.remote.RemoteTestNG.initAndRun(RemoteTestNG.java:251)
at org.testng.remote.RemoteTestNG.main(RemoteTestNG.java:77)
Caused by: java.util.concurrent.ExecutionException: org.openqa.selenium.TimeoutException: Process timed out after waiting for 20000 ms.
Build info: version: '4.0.0-beta-1', revision: '9c03156c2b'
System info: host: 'DESKTOP-3L8M6LS', ip: '192.168.1.23', os.name: 'Windows 10', os.arch: 'amd64', os.version: '10.0', java.version: '1.8.0_241'
Driver info: driver.version: unknown
at java.util.concurrent.CompletableFuture.reportGet(Unknown Source)
at java.util.concurrent.CompletableFuture.get(Unknown Source)
at org.openqa.selenium.remote.service.DriverCommandExecutor.execute(DriverCommandExecutor.java:116)
... 38 more
Caused by: org.openqa.selenium.TimeoutException: Process timed out after waiting for 20000 ms.
Build info: version: '4.0.0-beta-1', revision: '9c03156c2b'
System info: host: 'DESKTOP-3L8M6LS', ip: '192.168.1.23', os.name: 'Windows 10', os.arch: 'amd64', os.version: '10.0', java.version: '1.8.0_241'
Driver info: driver.version: unknown
at org.openqa.selenium.os.OsProcess.waitFor(OsProcess.java:174)
at org.openqa.selenium.os.CommandLine.waitFor(CommandLine.java:127)
at org.openqa.selenium.remote.service.DriverCommandExecutor.lambda$execute$1(DriverCommandExecutor.java:110)
at java.util.concurrent.CompletableFuture$AsyncSupply.run(Unknown Source)
at java.util.concurrent.CompletableFuture$AsyncSupply.exec(Unknown Source)
at java.util.concurrent.ForkJoinTask.doExec(Unknown Source)
at java.util.concurrent.ForkJoinPool$WorkQueue.runTask(Unknown Source)
at java.util.concurrent.ForkJoinPool.runWorker(Unknown Source)
at java.util.concurrent.ForkJoinWorkerThread.run(Unknown Source)
]]>
    </error>
  </testcase> <!-- tearDown -->
  <system-out>
Exception while taking screenshot java.util.concurrent.TimeoutException
Build info: version: '4.0.0-beta-1', revision: '9c03156c2b'
System info: host: 'DESKTOP-3L8M6LS', ip: '192.168.1.23', os.name: 'Windows 10', os.arch: 'amd64', os.version: '10.0', java.version: '1.8.0_241'
Driver info: org.openqa.selenium.chrome.ChromeDriver
Command: [4e46a8e830f5e9b80737438c55b7e05c, screenshot {}]
Capabilities {acceptInsecureCerts: false, acceptSslCerts: false, applicationCacheEnabled: false, browserConnectionEnabled: false, browserName: chrome, chrome: {chromedriverVersion: 2.42.591088 (7b2b2dca23cca0..., userDataDir: C:\Users\Sureena\AppData\Lo...}, cssSelectorsEnabled: true, databaseEnabled: false, goog:chromeOptions: {debuggerAddress: localhost:62543}, handlesAlerts: true, hasTouchScreen: false, javascriptEnabled: true, locationContextEnabled: true, mobileEmulationEnabled: false, nativeEvents: true, networkConnectionEnabled: false, pageLoadStrategy: normal, platform: XP, platformName: XP, rotatable: false, setWindowRect: true, takesHeapSnapshot: true, takesScreenshot: true, unexpectedAlertBehaviour: , unhandledPromptBehavior: , version: 93.0.4577.63, webStorageEnabled: true}
Session ID: 4e46a8e830f5e9b80737438c55b7e05c test ends  </system-out>
  <testcase name="sclFileloadWithGSE_RGSEAndSVMessagesTest" time="0.000" classname="com.kalkitech.doble.testcases.repository.SCLFileLoadingTest">
    <skipped/>
  </testcase> <!-- sclFileloadWithGSE_RGSEAndSVMessagesTest -->
  <system-out/>
  <testcase name="loadIEDPopUpCheckTest" time="47.137" classname="com.kalkitech.doble.testcases.repository.SCLFileLoadingTest"/>
  <system-out>
SCL Files tab is found in menu SCL Files tab is found in menu SCL Files tab is found in menu Settings is found in SCLFiles upload is found in settings Choose file button found in upload screen Submit button found in upload screen Select All IEDS check box is found in Select IEDs table Load button is found in Select IEDs Tab close button is found in Load IEDs status Tab load IED pop up is displayed on click of Load IED btn SL_056 : loadIEDPopUpCheckTest status : true  </system-out>
  <testcase name="sclFileloadWithGSEAndSVMessagesTest" time="0.000" classname="com.kalkitech.doble.testcases.repository.SCLFileLoadingTest">
    <skipped/>
  </testcase> <!-- sclFileloadWithGSEAndSVMessagesTest -->
  <system-out/>
  <testcase name="loadscdFileInFileSystemTest" time="30.489" classname="com.kalkitech.doble.testcases.repository.SCLFileLoadingTest"/>
  <system-out>
SCL Files tab is found in menu SCL Files tab is found in menu scd file loaded in file system tab successfully SL_044 : loadscdFileInFileSystemTest status : true  </system-out>
  <testcase name="loadiidFileInFileSystemTest" time="58.637" classname="com.kalkitech.doble.testcases.repository.SCLFileLoadingTest"/>
  <system-out>
SCL Files tab is found in menu SCL Files tab is found in menu SCL Files tab is found in menu Settings is found in SCLFiles upload is found in settings Choose file button found in upload screen Submit button found in upload screen Select All IEDS check box is found in Select IEDs table Load button is found in Select IEDs Tab close button is found in Load IEDs status Tab iid file loaded in file system tab successfully SL_042 : loadiidFileInFileSystemTest status : true  </system-out>
  <testcase name="IEDLoadstatusCheckTest" time="26.309" classname="com.kalkitech.doble.testcases.repository.SCLFileLoadingTest"/>
  <system-out>
SCL Files tab is found in menu Settings is found in SCLFiles upload is found in settings Choose file button found in upload screen Submit button found in upload screen Yes button is found in File exists screen IED is loaded successfully SL_20 : IEDLoadstatusCheckTest status : true  </system-out>
  <testcase name="closeBtnInIEDLoadSuccessPageCheckTest" time="38.483" classname="com.kalkitech.doble.testcases.repository.SCLFileLoadingTest"/>
  <system-out>
SCL Files tab is found in menu Settings is found in SCLFiles upload is found in settings Choose file button found in upload screen Submit button found in upload screen Yes button is found in File exists screen Select All IEDS check box is found in Select IEDs table Load button is found in Select IEDs Tab close button is found in Load IEDs status Tab Close button is displayed properly close button is found in Load IEDs status Tab IED Load popup is closed sucessfully on click of close button SCL Files tab is found in menu SL_15 : closeBtnInIEDLoadSuccessPageCheckTest status : true  </system-out>
  <testcase name="sclFileloadWithRGSEAndSVMessagesTest" time="0.000" classname="com.kalkitech.doble.testcases.repository.SCLFileLoadingTest">
    <skipped/>
  </testcase> <!-- sclFileloadWithRGSEAndSVMessagesTest -->
  <system-out/>
  <testcase name="selectFilesUsingSelectAllFileSystemTest" time="0.000" classname="com.kalkitech.doble.testcases.repository.SCLFileLoadingTest">
    <skipped/>
  </testcase> <!-- selectFilesUsingSelectAllFileSystemTest -->
  <system-out/>
  <testcase name="renameFileInFileSystemTableTest" time="64.692" classname="com.kalkitech.doble.testcases.repository.SCLFileLoadingTest">
    <error type="org.openqa.selenium.NoSuchElementException" message="no such element: Unable to locate element: {&quot;method&quot;:&quot;id&quot;,&quot;selector&quot;:&quot;repository&quot;}
  (Session info: chrome=93.0.4577.63)
  (Driver info: chromedriver=2.42.591088 (7b2b2dca23cca0862f674758c9a3933e685c27d5),platform=Windows NT 10.0.19042 x86_64) (WARNING: The server did not provide any stacktrace information)
Command duration or timeout: 0 milliseconds
For documentation on this error, please visit: https://selenium.dev/exceptions/#no_such_element
Build info: version: &#039;4.0.0-beta-1&#039;, revision: &#039;9c03156c2b&#039;
System info: host: &#039;DESKTOP-3L8M6LS&#039;, ip: &#039;192.168.1.23&#039;, os.name: &#039;Windows 10&#039;, os.arch: &#039;amd64&#039;, os.version: &#039;10.0&#039;, java.version: &#039;1.8.0_241&#039;
Driver info: org.openqa.selenium.chrome.ChromeDriver
Command: [b1703d75ba8a907dcbbc8cd2ccfee228, findElement {using=id, value=repository}]
Capabilities {acceptInsecureCerts: false, acceptSslCerts: false, applicationCacheEnabled: false, browserConnectionEnabled: false, browserName: chrome, chrome: {chromedriverVersion: 2.42.591088 (7b2b2dca23cca0..., userDataDir: C:\Users\Sureena\AppData\Lo...}, cssSelectorsEnabled: true, databaseEnabled: false, goog:chromeOptions: {debuggerAddress: localhost:50802}, handlesAlerts: true, hasTouchScreen: false, javascriptEnabled: true, locationContextEnabled: true, mobileEmulationEnabled: false, nativeEvents: true, networkConnectionEnabled: false, pageLoadStrategy: normal, platform: XP, platformName: XP, rotatable: false, setWindowRect: true, takesHeapSnapshot: true, takesScreenshot: true, unexpectedAlertBehaviour: , unhandledPromptBehavior: , version: 93.0.4577.63, webStorageEnabled: true}
Session ID: b1703d75ba8a907dcbbc8cd2ccfee228">
      <![CDATA[org.openqa.selenium.NoSuchElementException: no such element: Unable to locate element: {"method":"id","selector":"repository"}
  (Session info: chrome=93.0.4577.63)
  (Driver info: chromedriver=2.42.591088 (7b2b2dca23cca0862f674758c9a3933e685c27d5),platform=Windows NT 10.0.19042 x86_64) (WARNING: The server did not provide any stacktrace information)
Command duration or timeout: 0 milliseconds
For documentation on this error, please visit: https://selenium.dev/exceptions/#no_such_element
Build info: version: '4.0.0-beta-1', revision: '9c03156c2b'
System info: host: 'DESKTOP-3L8M6LS', ip: '192.168.1.23', os.name: 'Windows 10', os.arch: 'amd64', os.version: '10.0', java.version: '1.8.0_241'
Driver info: org.openqa.selenium.chrome.ChromeDriver
Command: [b1703d75ba8a907dcbbc8cd2ccfee228, findElement {using=id, value=repository}]
Capabilities {acceptInsecureCerts: false, acceptSslCerts: false, applicationCacheEnabled: false, browserConnectionEnabled: false, browserName: chrome, chrome: {chromedriverVersion: 2.42.591088 (7b2b2dca23cca0..., userDataDir: C:\Users\Sureena\AppData\Lo...}, cssSelectorsEnabled: true, databaseEnabled: false, goog:chromeOptions: {debuggerAddress: localhost:50802}, handlesAlerts: true, hasTouchScreen: false, javascriptEnabled: true, locationContextEnabled: true, mobileEmulationEnabled: false, nativeEvents: true, networkConnectionEnabled: false, pageLoadStrategy: normal, platform: XP, platformName: XP, rotatable: false, setWindowRect: true, takesHeapSnapshot: true, takesScreenshot: true, unexpectedAlertBehaviour: , unhandledPromptBehavior: , version: 93.0.4577.63, webStorageEnabled: true}
Session ID: b1703d75ba8a907dcbbc8cd2ccfee228
at sun.reflect.NativeConstructorAccessorImpl.newInstance0(Native Method)
at sun.reflect.NativeConstructorAccessorImpl.newInstance(Unknown Source)
at sun.reflect.DelegatingConstructorAccessorImpl.newInstance(Unknown Source)
at java.lang.reflect.Constructor.newInstance(Unknown Source)
at org.openqa.selenium.remote.ErrorHandler.createThrowable(ErrorHandler.java:217)
at org.openqa.selenium.remote.ErrorHandler.throwIfResponseFailed(ErrorHandler.java:169)
at org.openqa.selenium.remote.codec.jwp.JsonHttpResponseCodec.reconstructValue(JsonHttpResponseCodec.java:41)
at org.openqa.selenium.remote.codec.AbstractHttpResponseCodec.decode(AbstractHttpResponseCodec.java:83)
at org.openqa.selenium.remote.codec.AbstractHttpResponseCodec.decode(AbstractHttpResponseCodec.java:47)
at org.openqa.selenium.remote.HttpCommandExecutor.execute(HttpCommandExecutor.java:181)
at org.openqa.selenium.remote.service.DriverCommandExecutor.invokeExecute(DriverCommandExecutor.java:153)
at org.openqa.selenium.remote.service.DriverCommandExecutor.execute(DriverCommandExecutor.java:128)
at org.openqa.selenium.remote.RemoteWebDriver.execute(RemoteWebDriver.java:620)
at org.openqa.selenium.remote.RemoteWebDriver$Mechanism$2.findElement(RemoteWebDriver.java:1255)
at org.openqa.selenium.remote.RemoteWebDriver.findElement(RemoteWebDriver.java:388)
at org.openqa.selenium.remote.RemoteWebDriver.findElement(RemoteWebDriver.java:382)
at com.kalkitech.doble.genericLib.WebDriverUtils.findElementById(WebDriverUtils.java:103)
at com.kalkitech.doble.classes.repository.SCLFileLoading.SCLFiles(SCLFileLoading.java:32)
at com.kalkitech.doble.classes.repository.SCLFileLoading.renameFileInFilesystemTable(SCLFileLoading.java:2314)
at com.kalkitech.doble.testcases.repository.SCLFileLoadingTest.renameFileInFileSystemTableTest(SCLFileLoadingTest.java:525)
at sun.reflect.NativeMethodAccessorImpl.invoke0(Native Method)
at sun.reflect.NativeMethodAccessorImpl.invoke(Unknown Source)
at sun.reflect.DelegatingMethodAccessorImpl.invoke(Unknown Source)
at java.lang.reflect.Method.invoke(Unknown Source)
at org.testng.internal.MethodInvocationHelper.invokeMethod(MethodInvocationHelper.java:132)
at org.testng.internal.TestInvoker.invokeMethod(TestInvoker.java:599)
at org.testng.internal.TestInvoker.invokeTestMethod(TestInvoker.java:174)
at org.testng.internal.MethodRunner.runInSequence(MethodRunner.java:46)
at org.testng.internal.TestInvoker$MethodInvocationAgent.invoke(TestInvoker.java:822)
at org.testng.internal.TestInvoker.invokeTestMethods(TestInvoker.java:147)
at org.testng.internal.TestMethodWorker.invokeTestMethods(TestMethodWorker.java:146)
at org.testng.internal.TestMethodWorker.run(TestMethodWorker.java:128)
at java.util.ArrayList.forEach(Unknown Source)
at org.testng.TestRunner.privateRun(TestRunner.java:764)
at org.testng.TestRunner.run(TestRunner.java:585)
at org.testng.SuiteRunner.runTest(SuiteRunner.java:384)
at org.testng.SuiteRunner.runSequentially(SuiteRunner.java:378)
at org.testng.SuiteRunner.privateRun(SuiteRunner.java:337)
at org.testng.SuiteRunner.run(SuiteRunner.java:286)
at org.testng.SuiteRunnerWorker.runSuite(SuiteRunnerWorker.java:53)
at org.testng.SuiteRunnerWorker.run(SuiteRunnerWorker.java:96)
at org.testng.TestNG.runSuitesSequentially(TestNG.java:1218)
at org.testng.TestNG.runSuitesLocally(TestNG.java:1140)
at org.testng.TestNG.runSuites(TestNG.java:1069)
at org.testng.TestNG.run(TestNG.java:1037)
at org.testng.remote.AbstractRemoteTestNG.run(AbstractRemoteTestNG.java:115)
at org.testng.remote.RemoteTestNG.initAndRun(RemoteTestNG.java:251)
at org.testng.remote.RemoteTestNG.main(RemoteTestNG.java:77)
]]>
    </error>
  </testcase> <!-- renameFileInFileSystemTableTest -->
  <system-out>
SCL Files tab is found in menu SCL Files tab is found in menu Settings is found in SCLFiles upload is found in settings Choose file button found in upload screen Submit button found in upload screen Yes button is found in File exists screen exception occured : org.openqa.selenium.ElementNotVisibleException: element not interactable
  (Session info: chrome=93.0.4577.63)
  (Driver info: chromedriver=2.42.591088 (7b2b2dca23cca0862f674758c9a3933e685c27d5),platform=Windows NT 10.0.19042 x86_64) (WARNING: The server did not provide any stacktrace information)
Command duration or timeout: 0 milliseconds
Build info: version: '4.0.0-beta-1', revision: '9c03156c2b'
System info: host: 'DESKTOP-3L8M6LS', ip: '192.168.1.23', os.name: 'Windows 10', os.arch: 'amd64', os.version: '10.0', java.version: '1.8.0_241'
Driver info: org.openqa.selenium.chrome.ChromeDriver
Command: [b1703d75ba8a907dcbbc8cd2ccfee228, clickElement {id=0.2594925132572292-6}]
Capabilities {acceptInsecureCerts: false, acceptSslCerts: false, applicationCacheEnabled: false, browserConnectionEnabled: false, browserName: chrome, chrome: {chromedriverVersion: 2.42.591088 (7b2b2dca23cca0..., userDataDir: C:\Users\Sureena\AppData\Lo...}, cssSelectorsEnabled: true, databaseEnabled: false, goog:chromeOptions: {debuggerAddress: localhost:50802}, handlesAlerts: true, hasTouchScreen: false, javascriptEnabled: true, locationContextEnabled: true, mobileEmulationEnabled: false, nativeEvents: true, networkConnectionEnabled: false, pageLoadStrategy: normal, platform: XP, platformName: XP, rotatable: false, setWindowRect: true, takesHeapSnapshot: true, takesScreenshot: true, unexpectedAlertBehaviour: , unhandledPromptBehavior: , version: 93.0.4577.63, webStorageEnabled: true}
Element: [[ChromeDriver: chrome on XP (b1703d75ba8a907dcbbc8cd2ccfee228)] -> id: proccedOverwrite]
Session ID: b1703d75ba8a907dcbbc8cd2ccfee228 SCL Files tab is found in menu SCL Files tab is not found in menu  </system-out>
  <testcase name="canceldeleteFileInFileSystemTableUsingCloseTest" time="20.295" classname="com.kalkitech.doble.testcases.repository.SCLFileLoadingTest"/>
  <system-out>
SCL Files tab is found in menu SCL Files tab is found in menu SCL Files tab is found in menu SL_11 : canceldeleteFileInFileSystemTableUsingCloseTest status : true  </system-out>
  <testcase name="deleteFileInfilesystemTableTest" time="48.811" classname="com.kalkitech.doble.testcases.repository.SCLFileLoadingTest">
    <error type="java.lang.NullPointerException">
      <![CDATA[java.lang.NullPointerException
at com.kalkitech.doble.classes.repository.SCLFileLoading.deleteFileInfilesystemTable(SCLFileLoading.java:1874)
at com.kalkitech.doble.testcases.repository.SCLFileLoadingTest.deleteFileInfilesystemTableTest(SCLFileLoadingTest.java:97)
at sun.reflect.NativeMethodAccessorImpl.invoke0(Native Method)
at sun.reflect.NativeMethodAccessorImpl.invoke(Unknown Source)
at sun.reflect.DelegatingMethodAccessorImpl.invoke(Unknown Source)
at java.lang.reflect.Method.invoke(Unknown Source)
at org.testng.internal.MethodInvocationHelper.invokeMethod(MethodInvocationHelper.java:132)
at org.testng.internal.TestInvoker.invokeMethod(TestInvoker.java:599)
at org.testng.internal.TestInvoker.invokeTestMethod(TestInvoker.java:174)
at org.testng.internal.MethodRunner.runInSequence(MethodRunner.java:46)
at org.testng.internal.TestInvoker$MethodInvocationAgent.invoke(TestInvoker.java:822)
at org.testng.internal.TestInvoker.invokeTestMethods(TestInvoker.java:147)
at org.testng.internal.TestMethodWorker.invokeTestMethods(TestMethodWorker.java:146)
at org.testng.internal.TestMethodWorker.run(TestMethodWorker.java:128)
at java.util.ArrayList.forEach(Unknown Source)
at org.testng.TestRunner.privateRun(TestRunner.java:764)
at org.testng.TestRunner.run(TestRunner.java:585)
at org.testng.SuiteRunner.runTest(SuiteRunner.java:384)
at org.testng.SuiteRunner.runSequentially(SuiteRunner.java:378)
at org.testng.SuiteRunner.privateRun(SuiteRunner.java:337)
at org.testng.SuiteRunner.run(SuiteRunner.java:286)
at org.testng.SuiteRunnerWorker.runSuite(SuiteRunnerWorker.java:53)
at org.testng.SuiteRunnerWorker.run(SuiteRunnerWorker.java:96)
at org.testng.TestNG.runSuitesSequentially(TestNG.java:1218)
at org.testng.TestNG.runSuitesLocally(TestNG.java:1140)
at org.testng.TestNG.runSuites(TestNG.java:1069)
at org.testng.TestNG.run(TestNG.java:1037)
at org.testng.remote.AbstractRemoteTestNG.run(AbstractRemoteTestNG.java:115)
at org.testng.remote.RemoteTestNG.initAndRun(RemoteTestNG.java:251)
at org.testng.remote.RemoteTestNG.main(RemoteTestNG.java:77)
]]>
    </error>
  </testcase> <!-- deleteFileInfilesystemTableTest -->
  <system-out>
SCL Files tab is found in menu SCL Files tab is found in menu Settings is found in SCLFiles upload is found in settings Choose file button found in upload screen Submit button found in upload screen Select All IEDS check box is found in Select IEDs table Load button is found in Select IEDs Tab close button is found in Load IEDs status Tab SCL Files tab is found in menu Delete alert message is displayed correctly SCL Files tab is found in menu  </system-out>
  <testcase name="closeBtnClickInIEDsStatusInfoPopUpTest" time="50.155" classname="com.kalkitech.doble.testcases.repository.SCLFileLoadingTest"/>
  <system-out>
SCL Files tab is found in menu SCL Files tab is found in menu SCL Files tab is found in menu Settings is found in SCLFiles upload is found in settings Choose file button found in upload screen Submit button found in upload screen Select All IEDS check box is found in Select IEDs table Load button is found in Select IEDs Tab close button is found in Load IEDs status Tab IED load status is displaying in info pop up close button working as expected in IED info window SL_057,58 : closeBtnClickInIEDsStatusInfoPopUpTest status : true  </system-out>
</testsuite> <!-- com.kalkitech.doble.testcases.repository.SCLFileLoadingTest -->
